ERROR - 2024-05-07 09:26:49 --> mysqli_sql_exception: Table 'toko_api.member' doesn't exist in engine in C:\xampp\htdocs\toko_api\system\Database\MySQLi\Connection.php:308
Stack trace:
#0 C:\xampp\htdocs\toko_api\system\Database\MySQLi\Connection.php(308): mysqli->query('INSERT INTO `me...', 0)
#1 C:\xampp\htdocs\toko_api\system\Database\BaseConnection.php(722): CodeIgniter\Database\MySQLi\Connection->execute('INSERT INTO `me...')
#2 C:\xampp\htdocs\toko_api\system\Database\BaseConnection.php(636): CodeIgniter\Database\BaseConnection->simpleQuery('INSERT INTO `me...')
#3 C:\xampp\htdocs\toko_api\system\Database\BaseBuilder.php(2325): CodeIgniter\Database\BaseConnection->query('INSERT INTO `me...', Array, false)
#4 C:\xampp\htdocs\toko_api\system\Model.php(383): CodeIgniter\Database\BaseBuilder->insert()
#5 C:\xampp\htdocs\toko_api\system\BaseModel.php(840): CodeIgniter\Model->doInsert(Array)
#6 C:\xampp\htdocs\toko_api\system\Model.php(791): CodeIgniter\BaseModel->insert(Array, false)
#7 C:\xampp\htdocs\toko_api\system\BaseModel.php(751): CodeIgniter\Model->insert(Array, false)
#8 C:\xampp\htdocs\toko_api\app\Controllers\RegistrasiController.php(21): CodeIgniter\BaseModel->save(Array)
#9 C:\xampp\htdocs\toko_api\system\CodeIgniter.php(933): App\Controllers\RegistrasiController->registrasi()
#10 C:\xampp\htdocs\toko_api\system\CodeIgniter.php(509): CodeIgniter\CodeIgniter->runController(Object(App\Controllers\RegistrasiController))
#11 C:\xampp\htdocs\toko_api\system\CodeIgniter.php(355): CodeIgniter\CodeIgniter->handleRequest(NULL, Object(Config\Cache), false)
#12 C:\xampp\htdocs\toko_api\system\Boot.php(312): CodeIgniter\CodeIgniter->run()
#13 C:\xampp\htdocs\toko_api\system\Boot.php(67): CodeIgniter\Boot::runCodeIgniter(Object(CodeIgniter\CodeIgniter))
#14 C:\xampp\htdocs\toko_api\public\index.php(56): CodeIgniter\Boot::bootWeb(Object(Config\Paths))
#15 C:\xampp\htdocs\toko_api\system\Commands\Server\rewrite.php(49): require_once('C:\\xampp\\htdocs...')
#16 {main}
CRITICAL - 2024-05-07 09:26:49 --> CodeIgniter\Database\Exceptions\DatabaseException: Table 'toko_api.member' doesn't exist in engine
[Method: POST, Route: registrasi]
in SYSTEMPATH\Database\BaseConnection.php on line 676.
 1 SYSTEMPATH\Database\BaseBuilder.php(2325): CodeIgniter\Database\BaseConnection->query('INSERT INTO `member` (`nama`, `email`, `password`) VALUES (:nama:, :email:, :password:)', [...], false)
 2 SYSTEMPATH\Model.php(383): CodeIgniter\Database\BaseBuilder->insert()
 3 SYSTEMPATH\BaseModel.php(840): CodeIgniter\Model->doInsert([...])
 4 SYSTEMPATH\Model.php(791): CodeIgniter\BaseModel->insert([...], false)
 5 SYSTEMPATH\BaseModel.php(751): CodeIgniter\Model->insert([...], false)
 6 APPPATH\Controllers\RegistrasiController.php(21): CodeIgniter\BaseModel->save([...])
 7 SYSTEMPATH\CodeIgniter.php(933): App\Controllers\RegistrasiController->registrasi()
 8 SYSTEMPATH\CodeIgniter.php(509): CodeIgniter\CodeIgniter->runController(Object(App\Controllers\RegistrasiController))
 9 SYSTEMPATH\CodeIgniter.php(355): CodeIgniter\CodeIgniter->handleRequest(null, Object(Config\Cache), false)
10 SYSTEMPATH\Boot.php(312): CodeIgniter\CodeIgniter->run()
11 SYSTEMPATH\Boot.php(67): CodeIgniter\Boot::runCodeIgniter(Object(CodeIgniter\CodeIgniter))
12 FCPATH\index.php(56): CodeIgniter\Boot::bootWeb(Object(Config\Paths))
13 SYSTEMPATH\Commands\Server\rewrite.php(49): require_once('C:\\xampp\\htdocs\\toko_api\\public\\index.php')
CRITICAL - 2024-05-07 09:26:49 --> [Caused by] CodeIgniter\Database\Exceptions\DatabaseException: Table 'toko_api.member' doesn't exist in engine
in SYSTEMPATH\Database\MySQLi\Connection.php on line 313.
 1 SYSTEMPATH\Database\BaseConnection.php(722): CodeIgniter\Database\MySQLi\Connection->execute('INSERT INTO `member` (`nama`, `email`, `password`) VALUES (\'Administrator\', \'admin@admin.com\', \'$2y$10$C5nBlQJTB.BEopx6CGi5su1gdatY0z6gO4Az2CdK.nS3yDUoCVyhW\')')
 2 SYSTEMPATH\Database\BaseConnection.php(636): CodeIgniter\Database\BaseConnection->simpleQuery('INSERT INTO `member` (`nama`, `email`, `password`) VALUES (\'Administrator\', \'admin@admin.com\', \'$2y$10$C5nBlQJTB.BEopx6CGi5su1gdatY0z6gO4Az2CdK.nS3yDUoCVyhW\')')
 3 SYSTEMPATH\Database\BaseBuilder.php(2325): CodeIgniter\Database\BaseConnection->query('INSERT INTO `member` (`nama`, `email`, `password`) VALUES (:nama:, :email:, :password:)', [...], false)
 4 SYSTEMPATH\Model.php(383): CodeIgniter\Database\BaseBuilder->insert()
 5 SYSTEMPATH\BaseModel.php(840): CodeIgniter\Model->doInsert([...])
 6 SYSTEMPATH\Model.php(791): CodeIgniter\BaseModel->insert([...], false)
 7 SYSTEMPATH\BaseModel.php(751): CodeIgniter\Model->insert([...], false)
 8 APPPATH\Controllers\RegistrasiController.php(21): CodeIgniter\BaseModel->save([...])
 9 SYSTEMPATH\CodeIgniter.php(933): App\Controllers\RegistrasiController->registrasi()
10 SYSTEMPATH\CodeIgniter.php(509): CodeIgniter\CodeIgniter->runController(Object(App\Controllers\RegistrasiController))
11 SYSTEMPATH\CodeIgniter.php(355): CodeIgniter\CodeIgniter->handleRequest(null, Object(Config\Cache), false)
12 SYSTEMPATH\Boot.php(312): CodeIgniter\CodeIgniter->run()
13 SYSTEMPATH\Boot.php(67): CodeIgniter\Boot::runCodeIgniter(Object(CodeIgniter\CodeIgniter))
14 FCPATH\index.php(56): CodeIgniter\Boot::bootWeb(Object(Config\Paths))
15 SYSTEMPATH\Commands\Server\rewrite.php(49): require_once('C:\\xampp\\htdocs\\toko_api\\public\\index.php')
CRITICAL - 2024-05-07 09:26:49 --> [Caused by] mysqli_sql_exception: Table 'toko_api.member' doesn't exist in engine
in SYSTEMPATH\Database\MySQLi\Connection.php on line 308.
 1 SYSTEMPATH\Database\MySQLi\Connection.php(308): mysqli->query('INSERT INTO `member` (`nama`, `email`, `password`) VALUES (\'Administrator\', \'admin@admin.com\', \'$2y$10$C5nBlQJTB.BEopx6CGi5su1gdatY0z6gO4Az2CdK.nS3yDUoCVyhW\')', 0)
 2 SYSTEMPATH\Database\BaseConnection.php(722): CodeIgniter\Database\MySQLi\Connection->execute('INSERT INTO `member` (`nama`, `email`, `password`) VALUES (\'Administrator\', \'admin@admin.com\', \'$2y$10$C5nBlQJTB.BEopx6CGi5su1gdatY0z6gO4Az2CdK.nS3yDUoCVyhW\')')
 3 SYSTEMPATH\Database\BaseConnection.php(636): CodeIgniter\Database\BaseConnection->simpleQuery('INSERT INTO `member` (`nama`, `email`, `password`) VALUES (\'Administrator\', \'admin@admin.com\', \'$2y$10$C5nBlQJTB.BEopx6CGi5su1gdatY0z6gO4Az2CdK.nS3yDUoCVyhW\')')
 4 SYSTEMPATH\Database\BaseBuilder.php(2325): CodeIgniter\Database\BaseConnection->query('INSERT INTO `member` (`nama`, `email`, `password`) VALUES (:nama:, :email:, :password:)', [...], false)
 5 SYSTEMPATH\Model.php(383): CodeIgniter\Database\BaseBuilder->insert()
 6 SYSTEMPATH\BaseModel.php(840): CodeIgniter\Model->doInsert([...])
 7 SYSTEMPATH\Model.php(791): CodeIgniter\BaseModel->insert([...], false)
 8 SYSTEMPATH\BaseModel.php(751): CodeIgniter\Model->insert([...], false)
 9 APPPATH\Controllers\RegistrasiController.php(21): CodeIgniter\BaseModel->save([...])
10 SYSTEMPATH\CodeIgniter.php(933): App\Controllers\RegistrasiController->registrasi()
11 SYSTEMPATH\CodeIgniter.php(509): CodeIgniter\CodeIgniter->runController(Object(App\Controllers\RegistrasiController))
12 SYSTEMPATH\CodeIgniter.php(355): CodeIgniter\CodeIgniter->handleRequest(null, Object(Config\Cache), false)
13 SYSTEMPATH\Boot.php(312): CodeIgniter\CodeIgniter->run()
14 SYSTEMPATH\Boot.php(67): CodeIgniter\Boot::runCodeIgniter(Object(CodeIgniter\CodeIgniter))
15 FCPATH\index.php(56): CodeIgniter\Boot::bootWeb(Object(Config\Paths))
16 SYSTEMPATH\Commands\Server\rewrite.php(49): require_once('C:\\xampp\\htdocs\\toko_api\\public\\index.php')
ERROR - 2024-05-07 09:27:13 --> mysqli_sql_exception: Table 'toko_api.member' doesn't exist in engine in C:\xampp\htdocs\toko_api\system\Database\MySQLi\Connection.php:308
Stack trace:
#0 C:\xampp\htdocs\toko_api\system\Database\MySQLi\Connection.php(308): mysqli->query('INSERT INTO `me...', 0)
#1 C:\xampp\htdocs\toko_api\system\Database\BaseConnection.php(722): CodeIgniter\Database\MySQLi\Connection->execute('INSERT INTO `me...')
#2 C:\xampp\htdocs\toko_api\system\Database\BaseConnection.php(636): CodeIgniter\Database\BaseConnection->simpleQuery('INSERT INTO `me...')
#3 C:\xampp\htdocs\toko_api\system\Database\BaseBuilder.php(2325): CodeIgniter\Database\BaseConnection->query('INSERT INTO `me...', Array, false)
#4 C:\xampp\htdocs\toko_api\system\Model.php(383): CodeIgniter\Database\BaseBuilder->insert()
#5 C:\xampp\htdocs\toko_api\system\BaseModel.php(840): CodeIgniter\Model->doInsert(Array)
#6 C:\xampp\htdocs\toko_api\system\Model.php(791): CodeIgniter\BaseModel->insert(Array, false)
#7 C:\xampp\htdocs\toko_api\system\BaseModel.php(751): CodeIgniter\Model->insert(Array, false)
#8 C:\xampp\htdocs\toko_api\app\Controllers\RegistrasiController.php(21): CodeIgniter\BaseModel->save(Array)
#9 C:\xampp\htdocs\toko_api\system\CodeIgniter.php(933): App\Controllers\RegistrasiController->registrasi()
#10 C:\xampp\htdocs\toko_api\system\CodeIgniter.php(509): CodeIgniter\CodeIgniter->runController(Object(App\Controllers\RegistrasiController))
#11 C:\xampp\htdocs\toko_api\system\CodeIgniter.php(355): CodeIgniter\CodeIgniter->handleRequest(NULL, Object(Config\Cache), false)
#12 C:\xampp\htdocs\toko_api\system\Boot.php(312): CodeIgniter\CodeIgniter->run()
#13 C:\xampp\htdocs\toko_api\system\Boot.php(67): CodeIgniter\Boot::runCodeIgniter(Object(CodeIgniter\CodeIgniter))
#14 C:\xampp\htdocs\toko_api\public\index.php(56): CodeIgniter\Boot::bootWeb(Object(Config\Paths))
#15 C:\xampp\htdocs\toko_api\system\Commands\Server\rewrite.php(49): require_once('C:\\xampp\\htdocs...')
#16 {main}
CRITICAL - 2024-05-07 09:27:13 --> CodeIgniter\Database\Exceptions\DatabaseException: Table 'toko_api.member' doesn't exist in engine
[Method: POST, Route: registrasi]
in SYSTEMPATH\Database\BaseConnection.php on line 676.
 1 SYSTEMPATH\Database\BaseBuilder.php(2325): CodeIgniter\Database\BaseConnection->query('INSERT INTO `member` (`nama`, `email`, `password`) VALUES (:nama:, :email:, :password:)', [...], false)
 2 SYSTEMPATH\Model.php(383): CodeIgniter\Database\BaseBuilder->insert()
 3 SYSTEMPATH\BaseModel.php(840): CodeIgniter\Model->doInsert([...])
 4 SYSTEMPATH\Model.php(791): CodeIgniter\BaseModel->insert([...], false)
 5 SYSTEMPATH\BaseModel.php(751): CodeIgniter\Model->insert([...], false)
 6 APPPATH\Controllers\RegistrasiController.php(21): CodeIgniter\BaseModel->save([...])
 7 SYSTEMPATH\CodeIgniter.php(933): App\Controllers\RegistrasiController->registrasi()
 8 SYSTEMPATH\CodeIgniter.php(509): CodeIgniter\CodeIgniter->runController(Object(App\Controllers\RegistrasiController))
 9 SYSTEMPATH\CodeIgniter.php(355): CodeIgniter\CodeIgniter->handleRequest(null, Object(Config\Cache), false)
10 SYSTEMPATH\Boot.php(312): CodeIgniter\CodeIgniter->run()
11 SYSTEMPATH\Boot.php(67): CodeIgniter\Boot::runCodeIgniter(Object(CodeIgniter\CodeIgniter))
12 FCPATH\index.php(56): CodeIgniter\Boot::bootWeb(Object(Config\Paths))
13 SYSTEMPATH\Commands\Server\rewrite.php(49): require_once('C:\\xampp\\htdocs\\toko_api\\public\\index.php')
CRITICAL - 2024-05-07 09:27:13 --> [Caused by] CodeIgniter\Database\Exceptions\DatabaseException: Table 'toko_api.member' doesn't exist in engine
in SYSTEMPATH\Database\MySQLi\Connection.php on line 313.
 1 SYSTEMPATH\Database\BaseConnection.php(722): CodeIgniter\Database\MySQLi\Connection->execute('INSERT INTO `member` (`nama`, `email`, `password`) VALUES (\'Administrator\', \'admin@admin.com\', \'$2y$10$Q7ksmNa6o0FhT9m7apdL9.y6pa99c/W2bpcvuVsK/2VLo04SIRr9a\')')
 2 SYSTEMPATH\Database\BaseConnection.php(636): CodeIgniter\Database\BaseConnection->simpleQuery('INSERT INTO `member` (`nama`, `email`, `password`) VALUES (\'Administrator\', \'admin@admin.com\', \'$2y$10$Q7ksmNa6o0FhT9m7apdL9.y6pa99c/W2bpcvuVsK/2VLo04SIRr9a\')')
 3 SYSTEMPATH\Database\BaseBuilder.php(2325): CodeIgniter\Database\BaseConnection->query('INSERT INTO `member` (`nama`, `email`, `password`) VALUES (:nama:, :email:, :password:)', [...], false)
 4 SYSTEMPATH\Model.php(383): CodeIgniter\Database\BaseBuilder->insert()
 5 SYSTEMPATH\BaseModel.php(840): CodeIgniter\Model->doInsert([...])
 6 SYSTEMPATH\Model.php(791): CodeIgniter\BaseModel->insert([...], false)
 7 SYSTEMPATH\BaseModel.php(751): CodeIgniter\Model->insert([...], false)
 8 APPPATH\Controllers\RegistrasiController.php(21): CodeIgniter\BaseModel->save([...])
 9 SYSTEMPATH\CodeIgniter.php(933): App\Controllers\RegistrasiController->registrasi()
10 SYSTEMPATH\CodeIgniter.php(509): CodeIgniter\CodeIgniter->runController(Object(App\Controllers\RegistrasiController))
11 SYSTEMPATH\CodeIgniter.php(355): CodeIgniter\CodeIgniter->handleRequest(null, Object(Config\Cache), false)
12 SYSTEMPATH\Boot.php(312): CodeIgniter\CodeIgniter->run()
13 SYSTEMPATH\Boot.php(67): CodeIgniter\Boot::runCodeIgniter(Object(CodeIgniter\CodeIgniter))
14 FCPATH\index.php(56): CodeIgniter\Boot::bootWeb(Object(Config\Paths))
15 SYSTEMPATH\Commands\Server\rewrite.php(49): require_once('C:\\xampp\\htdocs\\toko_api\\public\\index.php')
CRITICAL - 2024-05-07 09:27:13 --> [Caused by] mysqli_sql_exception: Table 'toko_api.member' doesn't exist in engine
in SYSTEMPATH\Database\MySQLi\Connection.php on line 308.
 1 SYSTEMPATH\Database\MySQLi\Connection.php(308): mysqli->query('INSERT INTO `member` (`nama`, `email`, `password`) VALUES (\'Administrator\', \'admin@admin.com\', \'$2y$10$Q7ksmNa6o0FhT9m7apdL9.y6pa99c/W2bpcvuVsK/2VLo04SIRr9a\')', 0)
 2 SYSTEMPATH\Database\BaseConnection.php(722): CodeIgniter\Database\MySQLi\Connection->execute('INSERT INTO `member` (`nama`, `email`, `password`) VALUES (\'Administrator\', \'admin@admin.com\', \'$2y$10$Q7ksmNa6o0FhT9m7apdL9.y6pa99c/W2bpcvuVsK/2VLo04SIRr9a\')')
 3 SYSTEMPATH\Database\BaseConnection.php(636): CodeIgniter\Database\BaseConnection->simpleQuery('INSERT INTO `member` (`nama`, `email`, `password`) VALUES (\'Administrator\', \'admin@admin.com\', \'$2y$10$Q7ksmNa6o0FhT9m7apdL9.y6pa99c/W2bpcvuVsK/2VLo04SIRr9a\')')
 4 SYSTEMPATH\Database\BaseBuilder.php(2325): CodeIgniter\Database\BaseConnection->query('INSERT INTO `member` (`nama`, `email`, `password`) VALUES (:nama:, :email:, :password:)', [...], false)
 5 SYSTEMPATH\Model.php(383): CodeIgniter\Database\BaseBuilder->insert()
 6 SYSTEMPATH\BaseModel.php(840): CodeIgniter\Model->doInsert([...])
 7 SYSTEMPATH\Model.php(791): CodeIgniter\BaseModel->insert([...], false)
 8 SYSTEMPATH\BaseModel.php(751): CodeIgniter\Model->insert([...], false)
 9 APPPATH\Controllers\RegistrasiController.php(21): CodeIgniter\BaseModel->save([...])
10 SYSTEMPATH\CodeIgniter.php(933): App\Controllers\RegistrasiController->registrasi()
11 SYSTEMPATH\CodeIgniter.php(509): CodeIgniter\CodeIgniter->runController(Object(App\Controllers\RegistrasiController))
12 SYSTEMPATH\CodeIgniter.php(355): CodeIgniter\CodeIgniter->handleRequest(null, Object(Config\Cache), false)
13 SYSTEMPATH\Boot.php(312): CodeIgniter\CodeIgniter->run()
14 SYSTEMPATH\Boot.php(67): CodeIgniter\Boot::runCodeIgniter(Object(CodeIgniter\CodeIgniter))
15 FCPATH\index.php(56): CodeIgniter\Boot::bootWeb(Object(Config\Paths))
16 SYSTEMPATH\Commands\Server\rewrite.php(49): require_once('C:\\xampp\\htdocs\\toko_api\\public\\index.php')
ERROR - 2024-05-07 09:55:34 --> mysqli_sql_exception: Table 'toko_api.member' doesn't exist in engine in C:\xampp\htdocs\toko_api\system\Database\MySQLi\Connection.php:308
Stack trace:
#0 C:\xampp\htdocs\toko_api\system\Database\MySQLi\Connection.php(308): mysqli->query('INSERT INTO `me...', 0)
#1 C:\xampp\htdocs\toko_api\system\Database\BaseConnection.php(722): CodeIgniter\Database\MySQLi\Connection->execute('INSERT INTO `me...')
#2 C:\xampp\htdocs\toko_api\system\Database\BaseConnection.php(636): CodeIgniter\Database\BaseConnection->simpleQuery('INSERT INTO `me...')
#3 C:\xampp\htdocs\toko_api\system\Database\BaseBuilder.php(2325): CodeIgniter\Database\BaseConnection->query('INSERT INTO `me...', Array, false)
#4 C:\xampp\htdocs\toko_api\system\Model.php(383): CodeIgniter\Database\BaseBuilder->insert()
#5 C:\xampp\htdocs\toko_api\system\BaseModel.php(840): CodeIgniter\Model->doInsert(Array)
#6 C:\xampp\htdocs\toko_api\system\Model.php(791): CodeIgniter\BaseModel->insert(Array, false)
#7 C:\xampp\htdocs\toko_api\system\BaseModel.php(751): CodeIgniter\Model->insert(Array, false)
#8 C:\xampp\htdocs\toko_api\app\Controllers\RegistrasiController.php(21): CodeIgniter\BaseModel->save(Array)
#9 C:\xampp\htdocs\toko_api\system\CodeIgniter.php(933): App\Controllers\RegistrasiController->registrasi()
#10 C:\xampp\htdocs\toko_api\system\CodeIgniter.php(509): CodeIgniter\CodeIgniter->runController(Object(App\Controllers\RegistrasiController))
#11 C:\xampp\htdocs\toko_api\system\CodeIgniter.php(355): CodeIgniter\CodeIgniter->handleRequest(NULL, Object(Config\Cache), false)
#12 C:\xampp\htdocs\toko_api\system\Boot.php(312): CodeIgniter\CodeIgniter->run()
#13 C:\xampp\htdocs\toko_api\system\Boot.php(67): CodeIgniter\Boot::runCodeIgniter(Object(CodeIgniter\CodeIgniter))
#14 C:\xampp\htdocs\toko_api\public\index.php(56): CodeIgniter\Boot::bootWeb(Object(Config\Paths))
#15 C:\xampp\htdocs\toko_api\system\Commands\Server\rewrite.php(49): require_once('C:\\xampp\\htdocs...')
#16 {main}
CRITICAL - 2024-05-07 09:55:34 --> CodeIgniter\Database\Exceptions\DatabaseException: Table 'toko_api.member' doesn't exist in engine
[Method: POST, Route: registrasi]
in SYSTEMPATH\Database\BaseConnection.php on line 676.
 1 SYSTEMPATH\Database\BaseBuilder.php(2325): CodeIgniter\Database\BaseConnection->query('INSERT INTO `member` (`nama`, `email`, `password`) VALUES (:nama:, :email:, :password:)', [...], false)
 2 SYSTEMPATH\Model.php(383): CodeIgniter\Database\BaseBuilder->insert()
 3 SYSTEMPATH\BaseModel.php(840): CodeIgniter\Model->doInsert([...])
 4 SYSTEMPATH\Model.php(791): CodeIgniter\BaseModel->insert([...], false)
 5 SYSTEMPATH\BaseModel.php(751): CodeIgniter\Model->insert([...], false)
 6 APPPATH\Controllers\RegistrasiController.php(21): CodeIgniter\BaseModel->save([...])
 7 SYSTEMPATH\CodeIgniter.php(933): App\Controllers\RegistrasiController->registrasi()
 8 SYSTEMPATH\CodeIgniter.php(509): CodeIgniter\CodeIgniter->runController(Object(App\Controllers\RegistrasiController))
 9 SYSTEMPATH\CodeIgniter.php(355): CodeIgniter\CodeIgniter->handleRequest(null, Object(Config\Cache), false)
10 SYSTEMPATH\Boot.php(312): CodeIgniter\CodeIgniter->run()
11 SYSTEMPATH\Boot.php(67): CodeIgniter\Boot::runCodeIgniter(Object(CodeIgniter\CodeIgniter))
12 FCPATH\index.php(56): CodeIgniter\Boot::bootWeb(Object(Config\Paths))
13 SYSTEMPATH\Commands\Server\rewrite.php(49): require_once('C:\\xampp\\htdocs\\toko_api\\public\\index.php')
CRITICAL - 2024-05-07 09:55:34 --> [Caused by] CodeIgniter\Database\Exceptions\DatabaseException: Table 'toko_api.member' doesn't exist in engine
in SYSTEMPATH\Database\MySQLi\Connection.php on line 313.
 1 SYSTEMPATH\Database\BaseConnection.php(722): CodeIgniter\Database\MySQLi\Connection->execute('INSERT INTO `member` (`nama`, `email`, `password`) VALUES (\'Administrator\', \'admin@admin.com\', \'$2y$10$YzGDKZL2YayjVPi1Gt6kHemBpqbA/xVxT2UuRqmZ4YHpL1MAAlYlq\')')
 2 SYSTEMPATH\Database\BaseConnection.php(636): CodeIgniter\Database\BaseConnection->simpleQuery('INSERT INTO `member` (`nama`, `email`, `password`) VALUES (\'Administrator\', \'admin@admin.com\', \'$2y$10$YzGDKZL2YayjVPi1Gt6kHemBpqbA/xVxT2UuRqmZ4YHpL1MAAlYlq\')')
 3 SYSTEMPATH\Database\BaseBuilder.php(2325): CodeIgniter\Database\BaseConnection->query('INSERT INTO `member` (`nama`, `email`, `password`) VALUES (:nama:, :email:, :password:)', [...], false)
 4 SYSTEMPATH\Model.php(383): CodeIgniter\Database\BaseBuilder->insert()
 5 SYSTEMPATH\BaseModel.php(840): CodeIgniter\Model->doInsert([...])
 6 SYSTEMPATH\Model.php(791): CodeIgniter\BaseModel->insert([...], false)
 7 SYSTEMPATH\BaseModel.php(751): CodeIgniter\Model->insert([...], false)
 8 APPPATH\Controllers\RegistrasiController.php(21): CodeIgniter\BaseModel->save([...])
 9 SYSTEMPATH\CodeIgniter.php(933): App\Controllers\RegistrasiController->registrasi()
10 SYSTEMPATH\CodeIgniter.php(509): CodeIgniter\CodeIgniter->runController(Object(App\Controllers\RegistrasiController))
11 SYSTEMPATH\CodeIgniter.php(355): CodeIgniter\CodeIgniter->handleRequest(null, Object(Config\Cache), false)
12 SYSTEMPATH\Boot.php(312): CodeIgniter\CodeIgniter->run()
13 SYSTEMPATH\Boot.php(67): CodeIgniter\Boot::runCodeIgniter(Object(CodeIgniter\CodeIgniter))
14 FCPATH\index.php(56): CodeIgniter\Boot::bootWeb(Object(Config\Paths))
15 SYSTEMPATH\Commands\Server\rewrite.php(49): require_once('C:\\xampp\\htdocs\\toko_api\\public\\index.php')
CRITICAL - 2024-05-07 09:55:34 --> [Caused by] mysqli_sql_exception: Table 'toko_api.member' doesn't exist in engine
in SYSTEMPATH\Database\MySQLi\Connection.php on line 308.
 1 SYSTEMPATH\Database\MySQLi\Connection.php(308): mysqli->query('INSERT INTO `member` (`nama`, `email`, `password`) VALUES (\'Administrator\', \'admin@admin.com\', \'$2y$10$YzGDKZL2YayjVPi1Gt6kHemBpqbA/xVxT2UuRqmZ4YHpL1MAAlYlq\')', 0)
 2 SYSTEMPATH\Database\BaseConnection.php(722): CodeIgniter\Database\MySQLi\Connection->execute('INSERT INTO `member` (`nama`, `email`, `password`) VALUES (\'Administrator\', \'admin@admin.com\', \'$2y$10$YzGDKZL2YayjVPi1Gt6kHemBpqbA/xVxT2UuRqmZ4YHpL1MAAlYlq\')')
 3 SYSTEMPATH\Database\BaseConnection.php(636): CodeIgniter\Database\BaseConnection->simpleQuery('INSERT INTO `member` (`nama`, `email`, `password`) VALUES (\'Administrator\', \'admin@admin.com\', \'$2y$10$YzGDKZL2YayjVPi1Gt6kHemBpqbA/xVxT2UuRqmZ4YHpL1MAAlYlq\')')
 4 SYSTEMPATH\Database\BaseBuilder.php(2325): CodeIgniter\Database\BaseConnection->query('INSERT INTO `member` (`nama`, `email`, `password`) VALUES (:nama:, :email:, :password:)', [...], false)
 5 SYSTEMPATH\Model.php(383): CodeIgniter\Database\BaseBuilder->insert()
 6 SYSTEMPATH\BaseModel.php(840): CodeIgniter\Model->doInsert([...])
 7 SYSTEMPATH\Model.php(791): CodeIgniter\BaseModel->insert([...], false)
 8 SYSTEMPATH\BaseModel.php(751): CodeIgniter\Model->insert([...], false)
 9 APPPATH\Controllers\RegistrasiController.php(21): CodeIgniter\BaseModel->save([...])
10 SYSTEMPATH\CodeIgniter.php(933): App\Controllers\RegistrasiController->registrasi()
11 SYSTEMPATH\CodeIgniter.php(509): CodeIgniter\CodeIgniter->runController(Object(App\Controllers\RegistrasiController))
12 SYSTEMPATH\CodeIgniter.php(355): CodeIgniter\CodeIgniter->handleRequest(null, Object(Config\Cache), false)
13 SYSTEMPATH\Boot.php(312): CodeIgniter\CodeIgniter->run()
14 SYSTEMPATH\Boot.php(67): CodeIgniter\Boot::runCodeIgniter(Object(CodeIgniter\CodeIgniter))
15 FCPATH\index.php(56): CodeIgniter\Boot::bootWeb(Object(Config\Paths))
16 SYSTEMPATH\Commands\Server\rewrite.php(49): require_once('C:\\xampp\\htdocs\\toko_api\\public\\index.php')
ERROR - 2024-05-07 09:55:58 --> mysqli_sql_exception: Table 'toko_api.member' doesn't exist in engine in C:\xampp\htdocs\toko_api\system\Database\MySQLi\Connection.php:308
Stack trace:
#0 C:\xampp\htdocs\toko_api\system\Database\MySQLi\Connection.php(308): mysqli->query('INSERT INTO `me...', 0)
#1 C:\xampp\htdocs\toko_api\system\Database\BaseConnection.php(722): CodeIgniter\Database\MySQLi\Connection->execute('INSERT INTO `me...')
#2 C:\xampp\htdocs\toko_api\system\Database\BaseConnection.php(636): CodeIgniter\Database\BaseConnection->simpleQuery('INSERT INTO `me...')
#3 C:\xampp\htdocs\toko_api\system\Database\BaseBuilder.php(2325): CodeIgniter\Database\BaseConnection->query('INSERT INTO `me...', Array, false)
#4 C:\xampp\htdocs\toko_api\system\Model.php(383): CodeIgniter\Database\BaseBuilder->insert()
#5 C:\xampp\htdocs\toko_api\system\BaseModel.php(840): CodeIgniter\Model->doInsert(Array)
#6 C:\xampp\htdocs\toko_api\system\Model.php(791): CodeIgniter\BaseModel->insert(Array, false)
#7 C:\xampp\htdocs\toko_api\system\BaseModel.php(751): CodeIgniter\Model->insert(Array, false)
#8 C:\xampp\htdocs\toko_api\app\Controllers\RegistrasiController.php(21): CodeIgniter\BaseModel->save(Array)
#9 C:\xampp\htdocs\toko_api\system\CodeIgniter.php(933): App\Controllers\RegistrasiController->registrasi()
#10 C:\xampp\htdocs\toko_api\system\CodeIgniter.php(509): CodeIgniter\CodeIgniter->runController(Object(App\Controllers\RegistrasiController))
#11 C:\xampp\htdocs\toko_api\system\CodeIgniter.php(355): CodeIgniter\CodeIgniter->handleRequest(NULL, Object(Config\Cache), false)
#12 C:\xampp\htdocs\toko_api\system\Boot.php(312): CodeIgniter\CodeIgniter->run()
#13 C:\xampp\htdocs\toko_api\system\Boot.php(67): CodeIgniter\Boot::runCodeIgniter(Object(CodeIgniter\CodeIgniter))
#14 C:\xampp\htdocs\toko_api\public\index.php(56): CodeIgniter\Boot::bootWeb(Object(Config\Paths))
#15 C:\xampp\htdocs\toko_api\system\Commands\Server\rewrite.php(49): require_once('C:\\xampp\\htdocs...')
#16 {main}
CRITICAL - 2024-05-07 09:55:58 --> CodeIgniter\Database\Exceptions\DatabaseException: Table 'toko_api.member' doesn't exist in engine
[Method: POST, Route: registrasi]
in SYSTEMPATH\Database\BaseConnection.php on line 676.
 1 SYSTEMPATH\Database\BaseBuilder.php(2325): CodeIgniter\Database\BaseConnection->query('INSERT INTO `member` (`nama`, `email`, `password`) VALUES (:nama:, :email:, :password:)', [...], false)
 2 SYSTEMPATH\Model.php(383): CodeIgniter\Database\BaseBuilder->insert()
 3 SYSTEMPATH\BaseModel.php(840): CodeIgniter\Model->doInsert([...])
 4 SYSTEMPATH\Model.php(791): CodeIgniter\BaseModel->insert([...], false)
 5 SYSTEMPATH\BaseModel.php(751): CodeIgniter\Model->insert([...], false)
 6 APPPATH\Controllers\RegistrasiController.php(21): CodeIgniter\BaseModel->save([...])
 7 SYSTEMPATH\CodeIgniter.php(933): App\Controllers\RegistrasiController->registrasi()
 8 SYSTEMPATH\CodeIgniter.php(509): CodeIgniter\CodeIgniter->runController(Object(App\Controllers\RegistrasiController))
 9 SYSTEMPATH\CodeIgniter.php(355): CodeIgniter\CodeIgniter->handleRequest(null, Object(Config\Cache), false)
10 SYSTEMPATH\Boot.php(312): CodeIgniter\CodeIgniter->run()
11 SYSTEMPATH\Boot.php(67): CodeIgniter\Boot::runCodeIgniter(Object(CodeIgniter\CodeIgniter))
12 FCPATH\index.php(56): CodeIgniter\Boot::bootWeb(Object(Config\Paths))
13 SYSTEMPATH\Commands\Server\rewrite.php(49): require_once('C:\\xampp\\htdocs\\toko_api\\public\\index.php')
CRITICAL - 2024-05-07 09:55:58 --> [Caused by] CodeIgniter\Database\Exceptions\DatabaseException: Table 'toko_api.member' doesn't exist in engine
in SYSTEMPATH\Database\MySQLi\Connection.php on line 313.
 1 SYSTEMPATH\Database\BaseConnection.php(722): CodeIgniter\Database\MySQLi\Connection->execute('INSERT INTO `member` (`nama`, `email`, `password`) VALUES (\'Administrator\', \'admin@admin.com\', \'$2y$10$.UM2dmHVX5xJRqKRxMacle.lZVR0eJ9is2DNfEwKEQDYfZFJ6hF.y\')')
 2 SYSTEMPATH\Database\BaseConnection.php(636): CodeIgniter\Database\BaseConnection->simpleQuery('INSERT INTO `member` (`nama`, `email`, `password`) VALUES (\'Administrator\', \'admin@admin.com\', \'$2y$10$.UM2dmHVX5xJRqKRxMacle.lZVR0eJ9is2DNfEwKEQDYfZFJ6hF.y\')')
 3 SYSTEMPATH\Database\BaseBuilder.php(2325): CodeIgniter\Database\BaseConnection->query('INSERT INTO `member` (`nama`, `email`, `password`) VALUES (:nama:, :email:, :password:)', [...], false)
 4 SYSTEMPATH\Model.php(383): CodeIgniter\Database\BaseBuilder->insert()
 5 SYSTEMPATH\BaseModel.php(840): CodeIgniter\Model->doInsert([...])
 6 SYSTEMPATH\Model.php(791): CodeIgniter\BaseModel->insert([...], false)
 7 SYSTEMPATH\BaseModel.php(751): CodeIgniter\Model->insert([...], false)
 8 APPPATH\Controllers\RegistrasiController.php(21): CodeIgniter\BaseModel->save([...])
 9 SYSTEMPATH\CodeIgniter.php(933): App\Controllers\RegistrasiController->registrasi()
10 SYSTEMPATH\CodeIgniter.php(509): CodeIgniter\CodeIgniter->runController(Object(App\Controllers\RegistrasiController))
11 SYSTEMPATH\CodeIgniter.php(355): CodeIgniter\CodeIgniter->handleRequest(null, Object(Config\Cache), false)
12 SYSTEMPATH\Boot.php(312): CodeIgniter\CodeIgniter->run()
13 SYSTEMPATH\Boot.php(67): CodeIgniter\Boot::runCodeIgniter(Object(CodeIgniter\CodeIgniter))
14 FCPATH\index.php(56): CodeIgniter\Boot::bootWeb(Object(Config\Paths))
15 SYSTEMPATH\Commands\Server\rewrite.php(49): require_once('C:\\xampp\\htdocs\\toko_api\\public\\index.php')
CRITICAL - 2024-05-07 09:55:58 --> [Caused by] mysqli_sql_exception: Table 'toko_api.member' doesn't exist in engine
in SYSTEMPATH\Database\MySQLi\Connection.php on line 308.
 1 SYSTEMPATH\Database\MySQLi\Connection.php(308): mysqli->query('INSERT INTO `member` (`nama`, `email`, `password`) VALUES (\'Administrator\', \'admin@admin.com\', \'$2y$10$.UM2dmHVX5xJRqKRxMacle.lZVR0eJ9is2DNfEwKEQDYfZFJ6hF.y\')', 0)
 2 SYSTEMPATH\Database\BaseConnection.php(722): CodeIgniter\Database\MySQLi\Connection->execute('INSERT INTO `member` (`nama`, `email`, `password`) VALUES (\'Administrator\', \'admin@admin.com\', \'$2y$10$.UM2dmHVX5xJRqKRxMacle.lZVR0eJ9is2DNfEwKEQDYfZFJ6hF.y\')')
 3 SYSTEMPATH\Database\BaseConnection.php(636): CodeIgniter\Database\BaseConnection->simpleQuery('INSERT INTO `member` (`nama`, `email`, `password`) VALUES (\'Administrator\', \'admin@admin.com\', \'$2y$10$.UM2dmHVX5xJRqKRxMacle.lZVR0eJ9is2DNfEwKEQDYfZFJ6hF.y\')')
 4 SYSTEMPATH\Database\BaseBuilder.php(2325): CodeIgniter\Database\BaseConnection->query('INSERT INTO `member` (`nama`, `email`, `password`) VALUES (:nama:, :email:, :password:)', [...], false)
 5 SYSTEMPATH\Model.php(383): CodeIgniter\Database\BaseBuilder->insert()
 6 SYSTEMPATH\BaseModel.php(840): CodeIgniter\Model->doInsert([...])
 7 SYSTEMPATH\Model.php(791): CodeIgniter\BaseModel->insert([...], false)
 8 SYSTEMPATH\BaseModel.php(751): CodeIgniter\Model->insert([...], false)
 9 APPPATH\Controllers\RegistrasiController.php(21): CodeIgniter\BaseModel->save([...])
10 SYSTEMPATH\CodeIgniter.php(933): App\Controllers\RegistrasiController->registrasi()
11 SYSTEMPATH\CodeIgniter.php(509): CodeIgniter\CodeIgniter->runController(Object(App\Controllers\RegistrasiController))
12 SYSTEMPATH\CodeIgniter.php(355): CodeIgniter\CodeIgniter->handleRequest(null, Object(Config\Cache), false)
13 SYSTEMPATH\Boot.php(312): CodeIgniter\CodeIgniter->run()
14 SYSTEMPATH\Boot.php(67): CodeIgniter\Boot::runCodeIgniter(Object(CodeIgniter\CodeIgniter))
15 FCPATH\index.php(56): CodeIgniter\Boot::bootWeb(Object(Config\Paths))
16 SYSTEMPATH\Commands\Server\rewrite.php(49): require_once('C:\\xampp\\htdocs\\toko_api\\public\\index.php')
CRITICAL - 2024-05-07 14:07:32 --> Error: Class "Locale" not found
[Method: GET, Route: /]
in SYSTEMPATH\CodeIgniter.php on line 190.
 1 SYSTEMPATH\Boot.php(299): CodeIgniter\CodeIgniter->initialize()
 2 SYSTEMPATH\Boot.php(101): CodeIgniter\Boot::initializeCodeIgniter()
 3 ROOTPATH\spark(84): CodeIgniter\Boot::bootSpark(Object(Config\Paths))
CRITICAL - 2024-05-07 14:07:32 --> ErrorException: Uncaught Error: Class "Locale" not found in C:\xampp\htdocs\toko_api\system\I18n\TimeTrait.php:76
Stack trace:
#0 C:\xampp\htdocs\toko_api\system\I18n\TimeTrait.php(117): CodeIgniter\I18n\Time->__construct(NULL, NULL, NULL)
#1 C:\xampp\htdocs\toko_api\system\HTTP\ResponseTrait.php(395): CodeIgniter\I18n\Time::now()
#2 C:\xampp\htdocs\toko_api\system\HTTP\ResponseTrait.php(373): CodeIgniter\HTTP\Response->sendHeaders()
#3 C:\xampp\htdocs\toko_api\system\Debug\ExceptionHandler.php(83): CodeIgniter\HTTP\Response->send()
#4 C:\xampp\htdocs\toko_api\system\Debug\Exceptions.php(163): CodeIgniter\Debug\ExceptionHandler->handle(Object(Error), Object(CodeIgniter\HTTP\IncomingRequest), Object(CodeIgniter\HTTP\Response), 500, 1)
#5 [internal function]: CodeIgniter\Debug\Exceptions->exceptionHandler(Object(Error))
#6 {main}
  thrown
【Previous Exception】
Error
Class "Locale" not found
#0 C:\xampp\htdocs\toko_api\system\Boot.php(299): CodeIgniter\CodeIgniter->initialize()
#1 C:\xampp\htdocs\toko_api\system\Boot.php(101): CodeIgniter\Boot::initializeCodeIgniter()
#2 C:\xampp\htdocs\toko_api\spark(84): CodeIgniter\Boot::bootSpark(Object(Config\Paths))
#3 {main}
[Method: GET, Route: /]
in SYSTEMPATH\I18n\TimeTrait.php on line 76.
 1 [internal function]: CodeIgniter\Debug\Exceptions->shutdownHandler()
